<?xml version="1.0" encoding="UTF-8"?>
<testng-results skipped="0" failed="1" ignored="0" total="2" passed="1">
  <reporter-output>
  </reporter-output>
  <suite name="ActiTimeTests" duration-ms="62216" started-at="2022-08-29T17:51:44 IST" finished-at="2022-08-29T17:52:46 IST">
    <groups>
    </groups>
    <test name="LoginSmokeSuite" duration-ms="62216" started-at="2022-08-29T17:51:44 IST" finished-at="2022-08-29T17:52:46 IST">
      <class name="com.actitime.tests.Login">
        <test-method status="PASS" signature="beoreTest()[pri:0, instance:com.actitime.tests.Login@8646db9]" name="beoreTest" is-config="true" duration-ms="23" started-at="2022-08-29T17:51:47 IST" finished-at="2022-08-29T17:51:47 IST">
          <reporter-output>
          </reporter-output>
        </test-method> <!-- beoreTest -->
        <test-method status="PASS" signature="beforeClass()[pri:0, instance:com.actitime.tests.Login@8646db9]" name="beforeClass" is-config="true" duration-ms="1" started-at="2022-08-29T17:51:47 IST" finished-at="2022-08-29T17:51:47 IST">
          <reporter-output>
          </reporter-output>
        </test-method> <!-- beforeClass -->
        <test-method status="PASS" signature="launchApplication()[pri:0, instance:com.actitime.tests.Login@8646db9]" name="launchApplication" is-config="true" duration-ms="18884" started-at="2022-08-29T17:51:47 IST" finished-at="2022-08-29T17:52:06 IST">
          <reporter-output>
          </reporter-output>
        </test-method> <!-- launchApplication -->
        <test-method status="PASS" signature="login_001()[pri:0, instance:com.actitime.tests.Login@8646db9]" name="login_001" duration-ms="10037" started-at="2022-08-29T17:52:06 IST" finished-at="2022-08-29T17:52:16 IST">
          <reporter-output>
          </reporter-output>
        </test-method> <!-- login_001 -->
        <test-method status="PASS" signature="closeBrowser()[pri:0, instance:com.actitime.tests.Login@8646db9]" name="closeBrowser" is-config="true" duration-ms="964" started-at="2022-08-29T17:52:16 IST" finished-at="2022-08-29T17:52:17 IST">
          <reporter-output>
          </reporter-output>
        </test-method> <!-- closeBrowser -->
        <test-method status="PASS" signature="launchApplication()[pri:0, instance:com.actitime.tests.Login@8646db9]" name="launchApplication" is-config="true" duration-ms="18654" started-at="2022-08-29T17:52:17 IST" finished-at="2022-08-29T17:52:35 IST">
          <reporter-output>
          </reporter-output>
        </test-method> <!-- launchApplication -->
        <test-method status="FAIL" signature="login_002()[pri:0, instance:com.actitime.tests.Login@8646db9]" name="login_002" duration-ms="9011" started-at="2022-08-29T17:52:35 IST" finished-at="2022-08-29T17:52:44 IST">
          <exception class="java.lang.AssertionError">
            <message>
              <![CDATA[Could not loggin to actitime... expected [false] but found [true]]]>
            </message>
            <full-stacktrace>
              <![CDATA[java.lang.AssertionError: Could not loggin to actitime... expected [false] but found [true]
at org.testng.Assert.fail(Assert.java:110)
at org.testng.Assert.failNotEquals(Assert.java:1413)
at org.testng.Assert.assertFalse(Assert.java:78)
at com.actitime.tests.Login.login_002(Login.java:28)
at sun.reflect.NativeMethodAccessorImpl.invoke0(Native Method)
at sun.reflect.NativeMethodAccessorImpl.invoke(NativeMethodAccessorImpl.java:62)
at sun.reflect.DelegatingMethodAccessorImpl.invoke(DelegatingMethodAccessorImpl.java:43)
at java.lang.reflect.Method.invoke(Method.java:498)
at org.testng.internal.invokers.MethodInvocationHelper.invokeMethod(MethodInvocationHelper.java:135)
at org.testng.internal.invokers.TestInvoker.invokeMethod(TestInvoker.java:673)
at org.testng.internal.invokers.TestInvoker.invokeTestMethod(TestInvoker.java:220)
at org.testng.internal.invokers.MethodRunner.runInSequence(MethodRunner.java:50)
at org.testng.internal.invokers.TestInvoker$MethodInvocationAgent.invoke(TestInvoker.java:945)
at org.testng.internal.invokers.TestInvoker.invokeTestMethods(TestInvoker.java:193)
at org.testng.internal.invokers.TestMethodWorker.invokeTestMethods(TestMethodWorker.java:146)
at org.testng.internal.invokers.TestMethodWorker.run(TestMethodWorker.java:128)
at java.util.ArrayList.forEach(ArrayList.java:1257)
at org.testng.TestRunner.privateRun(TestRunner.java:808)
at org.testng.TestRunner.run(TestRunner.java:603)
at org.testng.SuiteRunner.runTest(SuiteRunner.java:429)
at org.testng.SuiteRunner.runSequentially(SuiteRunner.java:423)
at org.testng.SuiteRunner.privateRun(SuiteRunner.java:383)
at org.testng.SuiteRunner.run(SuiteRunner.java:326)
at org.testng.SuiteRunnerWorker.runSuite(SuiteRunnerWorker.java:52)
at org.testng.SuiteRunnerWorker.run(SuiteRunnerWorker.java:95)
at org.testng.TestNG.runSuitesSequentially(TestNG.java:1249)
at org.testng.TestNG.runSuitesLocally(TestNG.java:1169)
at org.testng.TestNG.runSuites(TestNG.java:1092)
at org.testng.TestNG.run(TestNG.java:1060)
at org.apache.maven.surefire.testng.TestNGExecutor.run(TestNGExecutor.java:324)
at org.apache.maven.surefire.testng.TestNGXmlTestSuite.execute(TestNGXmlTestSuite.java:74)
at org.apache.maven.surefire.testng.TestNGProvider.invoke(TestNGProvider.java:123)
at org.apache.maven.surefire.booter.ForkedBooter.runSuitesInProcess(ForkedBooter.java:456)
at org.apache.maven.surefire.booter.ForkedBooter.execute(ForkedBooter.java:169)
at org.apache.maven.surefire.booter.ForkedBooter.run(ForkedBooter.java:595)
at org.apache.maven.surefire.booter.ForkedBooter.main(ForkedBooter.java:581)
]]>
            </full-stacktrace>
          </exception> <!-- java.lang.AssertionError -->
          <reporter-output>
          </reporter-output>
        </test-method> <!-- login_002 -->
        <test-method status="PASS" signature="closeBrowser()[pri:0, instance:com.actitime.tests.Login@8646db9]" name="closeBrowser" is-config="true" duration-ms="1166" started-at="2022-08-29T17:52:45 IST" finished-at="2022-08-29T17:52:46 IST">
          <reporter-output>
          </reporter-output>
        </test-method> <!-- closeBrowser -->
        <test-method status="PASS" signature="afterClass()[pri:0, instance:com.actitime.tests.Login@8646db9]" name="afterClass" is-config="true" duration-ms="0" started-at="2022-08-29T17:52:46 IST" finished-at="2022-08-29T17:52:46 IST">
          <reporter-output>
          </reporter-output>
        </test-method> <!-- afterClass -->
        <test-method status="PASS" signature="afterTest()[pri:0, instance:com.actitime.tests.Login@8646db9]" name="afterTest" is-config="true" duration-ms="1" started-at="2022-08-29T17:52:46 IST" finished-at="2022-08-29T17:52:46 IST">
          <reporter-output>
          </reporter-output>
        </test-method> <!-- afterTest -->
      </class> <!-- com.actitime.tests.Login -->
    </test> <!-- LoginSmokeSuite -->
  </suite> <!-- ActiTimeTests -->
</testng-results>
